<?xml version="1.0" encoding="UTF-8"?>
<!-- Generated by org.testng.reporters.JUnitXMLReporter -->
<testsuite ignored="1" hostname="DESKTOP-QR11LD8" failures="0" tests="3" name="Test" time="0.185" errors="0" timestamp="2023-06-27T20:20:06 IST">
  <testcase classname="TestNGMethods.TestNG" name="method10" time="0.027"/>
  <testcase classname="TestNGMethods.TestNG" name="method11" time="0.009"/>
  <testcase classname="TestNGMethods.TestNG" name="method9" time="0.006"/>
  <testcase classname="TestNGMethods.TestNG" name="method12" time="0.0">
    <ignored/>
  </testcase> <!-- method12 -->
</testsuite> <!-- Test -->
