<?xml version="1.0" encoding="UTF-8"?>
<testng-results ignored="0" total="2" passed="2" failed="0" skipped="0">
  <reporter-output>
  </reporter-output>
  <suite started-at="2023-06-28T09:17:07 IST" name="Failed suite [Default suite]" finished-at="2023-06-28T09:17:41 IST" duration-ms="34085">
    <groups>
    </groups>
    <test started-at="2023-06-28T09:17:07 IST" name="Default test(failed)" finished-at="2023-06-28T09:17:41 IST" duration-ms="34085">
      <class name="TestData.ReadXlsUsingDataProvider">
        <test-method is-config="true" signature="setup()[pri:0, instance:TestData.ReadXlsUsingDataProvider@76505305]" started-at="2023-06-28T09:17:08 IST" name="setup" finished-at="2023-06-28T09:17:15 IST" duration-ms="6783" status="PASS">
          <reporter-output>
          </reporter-output>
        </test-method> <!-- setup -->
        <test-method signature="aloginPage(java.lang.String,java.lang.String)[pri:1, instance:TestData.ReadXlsUsingDataProvider@76505305]" started-at="2023-06-28T09:17:15 IST" name="aloginPage" data-provider="testExceldata" finished-at="2023-06-28T09:17:26 IST" duration-ms="10348" status="PASS">
          <params>
            <param index="0">
              <value>
                <![CDATA[Joe]]>
              </value>
            </param>
            <param index="1">
              <value>
                <![CDATA[Admin]]>
              </value>
            </param>
          </params>
          <reporter-output>
          </reporter-output>
        </test-method> <!-- aloginPage -->
        <test-method is-config="true" signature="quitBrowser()[pri:0, instance:TestData.ReadXlsUsingDataProvider@76505305]" started-at="2023-06-28T09:17:26 IST" name="quitBrowser" finished-at="2023-06-28T09:17:26 IST" duration-ms="451" status="PASS">
          <reporter-output>
          </reporter-output>
        </test-method> <!-- quitBrowser -->
        <test-method is-config="true" signature="setup()[pri:0, instance:TestData.ReadXlsUsingDataProvider@76505305]" started-at="2023-06-28T09:17:26 IST" name="setup" finished-at="2023-06-28T09:17:31 IST" duration-ms="4505" status="PASS">
          <reporter-output>
          </reporter-output>
        </test-method> <!-- setup -->
        <test-method signature="aloginPage(java.lang.String,java.lang.String)[pri:1, instance:TestData.ReadXlsUsingDataProvider@76505305]" started-at="2023-06-28T09:17:31 IST" name="aloginPage" data-provider="testExceldata" finished-at="2023-06-28T09:17:41 IST" duration-ms="10310" status="PASS">
          <params>
            <param index="0">
              <value>
                <![CDATA[Jim]]>
              </value>
            </param>
            <param index="1">
              <value>
                <![CDATA[HR]]>
              </value>
            </param>
          </params>
          <reporter-output>
          </reporter-output>
        </test-method> <!-- aloginPage -->
        <test-method is-config="true" signature="quitBrowser()[pri:0, instance:TestData.ReadXlsUsingDataProvider@76505305]" started-at="2023-06-28T09:17:41 IST" name="quitBrowser" finished-at="2023-06-28T09:17:41 IST" duration-ms="374" status="PASS">
          <reporter-output>
          </reporter-output>
        </test-method> <!-- quitBrowser -->
      </class> <!-- TestData.ReadXlsUsingDataProvider -->
    </test> <!-- Default test(failed) -->
  </suite> <!-- Failed suite [Default suite] -->
</testng-results>
